[2025-09-21 10:18:14,113: INFO: main: Welcome to our custom logging]
[2025-09-22 01:09:30,334: INFO: main: >>>>>> stage Data Ingestion stage started <<<<<<]
[2025-09-22 01:09:30,337: INFO: common: yaml file: config\config.yaml loaded successfully]
[2025-09-22 01:09:30,338: INFO: common: yaml file: params.yaml loaded successfully]
[2025-09-22 01:09:30,339: INFO: common: yaml file: schema.yaml loaded successfully]
[2025-09-22 01:09:30,340: INFO: common: created directory at: artifacts]
[2025-09-22 01:09:30,341: INFO: common: created directory at: artifacts/data_ingestion]
[2025-09-22 01:09:31,793: INFO: data_ingestion: artifacts/data_ingestion/data.zip download! with following info: 
Connection: close
Content-Length: 23329
Cache-Control: max-age=300
Content-Security-Policy: default-src 'none'; style-src 'unsafe-inline'; sandbox
Content-Type: application/zip
ETag: "c69888a4ae59bc5a893392785a938ccd4937981c06ba8a9d6a21aa52b4ab5b6e"
Strict-Transport-Security: max-age=31536000
X-Content-Type-Options: nosniff
X-Frame-Options: deny
X-XSS-Protection: 1; mode=block
X-GitHub-Request-Id: 6D85:53717:B0FEE5:F88127:68D05B7B
Accept-Ranges: bytes
Date: Sun, 21 Sep 2025 20:09:32 GMT
Via: 1.1 varnish
X-Served-By: cache-fjr990028-FJR
X-Cache: MISS
X-Cache-Hits: 0
X-Timer: S1758485372.016114,VS0,VE355
Vary: Authorization,Accept-Encoding
Access-Control-Allow-Origin: *
Cross-Origin-Resource-Policy: cross-origin
X-Fastly-Request-ID: 77703174b39da4a8b211b11d6667401e83b8aa53
Expires: Sun, 21 Sep 2025 20:14:32 GMT
Source-Age: 0

]
[2025-09-22 01:09:31,831: INFO: main: >>>>>> stage Data Ingestion stage completed <<<<<<

x==============x]
[2025-09-22 17:13:55,081: INFO: main: >>>>>> stage Data Ingestion stage started <<<<<<]
[2025-09-22 17:13:55,097: INFO: common: yaml file: config\config.yaml loaded successfully]
[2025-09-22 17:13:55,105: INFO: common: yaml file: params.yaml loaded successfully]
[2025-09-22 17:13:55,105: INFO: common: yaml file: schema.yaml loaded successfully]
[2025-09-22 17:13:55,105: INFO: common: created directory at: artifacts]
[2025-09-22 17:13:55,105: INFO: common: created directory at: artifacts/data_ingestion]
[2025-09-22 17:13:55,105: INFO: data_ingestion: file already exists of size: ~ 23 KB]
[2025-09-22 17:13:55,114: INFO: main: >>>>>> stage Data Ingestion stage completed <<<<<<

x==============x]
[2025-09-22 22:44:30,802: INFO: common: yaml file: config\config.yaml loaded successfully]
[2025-09-22 22:44:31,191: INFO: common: yaml file: params.yaml loaded successfully]
[2025-09-22 22:44:31,209: INFO: common: yaml file: schema.yaml loaded successfully]
[2025-09-22 22:44:31,212: INFO: common: created directory at: artifacts]
[2025-09-22 22:44:31,258: INFO: common: created directory at: artifacts/data_validation]
[2025-09-22 22:45:33,984: INFO: common: yaml file: config\config.yaml loaded successfully]
[2025-09-22 22:45:33,984: INFO: common: yaml file: params.yaml loaded successfully]
[2025-09-22 22:45:34,016: INFO: common: yaml file: schema.yaml loaded successfully]
[2025-09-22 22:45:34,024: INFO: common: created directory at: artifacts]
[2025-09-22 22:45:34,024: INFO: common: created directory at: artifacts/data_validation]
[2025-09-22 22:54:24,620: INFO: common: yaml file: config\config.yaml loaded successfully]
[2025-09-22 22:54:24,628: INFO: common: yaml file: params.yaml loaded successfully]
[2025-09-22 22:54:24,631: INFO: common: yaml file: schema.yaml loaded successfully]
[2025-09-22 22:54:24,639: INFO: common: created directory at: artifacts]
[2025-09-22 22:54:24,639: INFO: common: created directory at: artifacts/data_validation]
[2025-09-22 22:56:22,583: INFO: common: yaml file: config\config.yaml loaded successfully]
[2025-09-22 22:56:22,583: INFO: common: yaml file: params.yaml loaded successfully]
[2025-09-22 22:56:22,607: INFO: common: yaml file: schema.yaml loaded successfully]
[2025-09-22 22:56:22,607: INFO: common: created directory at: artifacts]
[2025-09-22 22:56:22,615: INFO: common: created directory at: artifacts/data_validation]
[2025-09-22 23:01:13,755: INFO: common: yaml file: config\config.yaml loaded successfully]
[2025-09-22 23:01:13,787: INFO: common: yaml file: params.yaml loaded successfully]
[2025-09-22 23:01:13,787: INFO: common: yaml file: schema.yaml loaded successfully]
[2025-09-22 23:01:13,795: INFO: common: created directory at: artifacts]
[2025-09-22 23:01:13,795: INFO: common: created directory at: artifacts/data_validation]
[2025-09-27 12:55:01,861: INFO: common: yaml file: config\config.yaml loaded successfully]
[2025-09-27 12:55:01,881: INFO: common: yaml file: params.yaml loaded successfully]
[2025-09-27 12:55:01,905: INFO: common: yaml file: schema.yaml loaded successfully]
[2025-09-27 12:55:01,907: INFO: common: created directory at: artifacts]
[2025-09-27 12:55:01,907: INFO: common: created directory at: artifacts/data_validation]
[2025-09-27 13:02:42,869: INFO: common: yaml file: config\config.yaml loaded successfully]
[2025-09-27 13:02:42,869: INFO: common: yaml file: params.yaml loaded successfully]
[2025-09-27 13:02:42,893: INFO: common: yaml file: schema.yaml loaded successfully]
[2025-09-27 13:02:42,893: INFO: common: created directory at: artifacts]
[2025-09-27 13:02:42,901: INFO: common: created directory at: artifacts/data_validation]
[2025-09-27 13:03:13,785: INFO: common: yaml file: config\config.yaml loaded successfully]
[2025-09-27 13:03:13,785: INFO: common: yaml file: params.yaml loaded successfully]
[2025-09-27 13:03:13,793: INFO: common: yaml file: schema.yaml loaded successfully]
[2025-09-27 13:03:13,793: INFO: common: created directory at: artifacts]
[2025-09-27 13:03:13,801: INFO: common: created directory at: artifacts/data_validation]
[2025-09-27 13:03:38,930: INFO: common: yaml file: config\config.yaml loaded successfully]
[2025-09-27 13:03:38,930: INFO: common: yaml file: params.yaml loaded successfully]
[2025-09-27 13:03:38,938: INFO: common: yaml file: schema.yaml loaded successfully]
[2025-09-27 13:03:38,938: INFO: common: created directory at: artifacts]
[2025-09-27 13:03:38,938: INFO: common: created directory at: artifacts/data_validation]
[2025-09-27 13:03:41,427: INFO: common: yaml file: config\config.yaml loaded successfully]
[2025-09-27 13:03:41,427: INFO: common: yaml file: params.yaml loaded successfully]
[2025-09-27 13:03:41,435: INFO: common: yaml file: schema.yaml loaded successfully]
[2025-09-27 13:03:41,443: INFO: common: created directory at: artifacts]
[2025-09-27 13:03:41,443: INFO: common: created directory at: artifacts/data_validation]
[2025-09-27 13:03:42,352: INFO: common: yaml file: config\config.yaml loaded successfully]
[2025-09-27 13:03:42,352: INFO: common: yaml file: params.yaml loaded successfully]
[2025-09-27 13:03:42,360: INFO: common: yaml file: schema.yaml loaded successfully]
[2025-09-27 13:03:42,360: INFO: common: created directory at: artifacts]
[2025-09-27 13:03:42,360: INFO: common: created directory at: artifacts/data_validation]
[2025-09-27 13:03:43,289: INFO: common: yaml file: config\config.yaml loaded successfully]
[2025-09-27 13:03:43,297: INFO: common: yaml file: params.yaml loaded successfully]
[2025-09-27 13:03:43,297: INFO: common: yaml file: schema.yaml loaded successfully]
[2025-09-27 13:03:43,305: INFO: common: created directory at: artifacts]
[2025-09-27 13:03:43,305: INFO: common: created directory at: artifacts/data_validation]
[2025-09-27 13:03:44,181: INFO: common: yaml file: config\config.yaml loaded successfully]
[2025-09-27 13:03:44,181: INFO: common: yaml file: params.yaml loaded successfully]
[2025-09-27 13:03:44,189: INFO: common: yaml file: schema.yaml loaded successfully]
[2025-09-27 13:03:44,189: INFO: common: created directory at: artifacts]
[2025-09-27 13:03:44,189: INFO: common: created directory at: artifacts/data_validation]
[2025-09-27 16:54:16,839: INFO: main: >>>>>> stage Data Ingestion stage started <<<<<<]
[2025-09-27 16:54:16,843: INFO: common: yaml file: config\config.yaml loaded successfully]
[2025-09-27 16:54:16,843: INFO: common: yaml file: params.yaml loaded successfully]
[2025-09-27 16:54:16,843: INFO: common: yaml file: schema.yaml loaded successfully]
[2025-09-27 16:54:16,843: INFO: common: created directory at: artifacts]
[2025-09-27 16:54:16,843: INFO: common: created directory at: artifacts/data_ingestion]
[2025-09-27 16:54:16,843: INFO: data_ingestion: file already exists of size: ~ 23 KB]
[2025-09-27 16:54:16,874: INFO: main: >>>>>> stage Data Ingestion stage completed <<<<<<

x==============x]
[2025-09-27 16:54:16,874: INFO: main: >>>>>> stage Data Validation stage started <<<<<<]
[2025-09-27 16:54:16,886: INFO: common: yaml file: config\config.yaml loaded successfully]
[2025-09-27 16:54:16,888: INFO: common: yaml file: params.yaml loaded successfully]
[2025-09-27 16:54:16,893: INFO: common: yaml file: schema.yaml loaded successfully]
[2025-09-27 16:54:16,900: INFO: common: created directory at: artifacts]
[2025-09-27 16:54:16,901: INFO: common: created directory at: artifacts/data_validation]
[2025-09-27 16:54:16,949: INFO: main: >>>>>> stage Data Validation stage completed <<<<<<

x==============x]
[2025-09-27 17:32:00,101: INFO: common: yaml file: config\config.yaml loaded successfully]
[2025-09-27 17:32:00,104: INFO: common: yaml file: params.yaml loaded successfully]
[2025-09-27 17:32:00,109: INFO: common: yaml file: schema.yaml loaded successfully]
[2025-09-27 17:32:00,110: INFO: common: created directory at: artifacts]
[2025-09-27 17:32:00,112: INFO: common: created directory at: artifacts/data_transformation]
[2025-09-27 17:32:00,188: INFO: 892340296: Splited data into training and test sets]
[2025-09-27 17:32:00,189: INFO: 892340296: (1199, 12)]
[2025-09-27 17:32:00,190: INFO: 892340296: (400, 12)]
[2025-09-27 18:07:53,293: INFO: main: >>>>>> stage Data Ingestion stage started <<<<<<]
[2025-09-27 18:07:53,362: INFO: common: yaml file: config\config.yaml loaded successfully]
[2025-09-27 18:07:53,362: INFO: common: yaml file: params.yaml loaded successfully]
[2025-09-27 18:07:53,362: INFO: common: yaml file: schema.yaml loaded successfully]
[2025-09-27 18:07:53,370: INFO: common: created directory at: artifacts]
[2025-09-27 18:07:53,378: INFO: common: created directory at: artifacts/data_ingestion]
[2025-09-27 18:08:06,533: INFO: data_ingestion: artifacts/data_ingestion/data.zip download! with following info: 
Connection: close
Content-Length: 23329
Cache-Control: max-age=300
Content-Security-Policy: default-src 'none'; style-src 'unsafe-inline'; sandbox
Content-Type: application/zip
ETag: "c69888a4ae59bc5a893392785a938ccd4937981c06ba8a9d6a21aa52b4ab5b6e"
Strict-Transport-Security: max-age=31536000
X-Content-Type-Options: nosniff
X-Frame-Options: deny
X-XSS-Protection: 1; mode=block
X-GitHub-Request-Id: 9E9D:32A0C5:6E4A3:3781AF:68D7E1B4
Accept-Ranges: bytes
Date: Sat, 27 Sep 2025 13:08:04 GMT
Via: 1.1 varnish
X-Served-By: cache-fjr990028-FJR
X-Cache: MISS
X-Cache-Hits: 0
X-Timer: S1758978485.592681,VS0,VE205
Vary: Authorization,Accept-Encoding
Access-Control-Allow-Origin: *
Cross-Origin-Resource-Policy: cross-origin
X-Fastly-Request-ID: 33cd37d54c1800357e131c08e22ead45b0bb4174
Expires: Sat, 27 Sep 2025 13:13:04 GMT
Source-Age: 0

]
[2025-09-27 18:08:06,581: INFO: main: >>>>>> stage Data Ingestion stage completed <<<<<<

x==============x]
[2025-09-27 18:08:06,583: INFO: main: >>>>>> stage Data Validation stage started <<<<<<]
[2025-09-27 18:08:06,583: INFO: common: yaml file: config\config.yaml loaded successfully]
[2025-09-27 18:08:06,583: INFO: common: yaml file: params.yaml loaded successfully]
[2025-09-27 18:08:06,583: INFO: common: yaml file: schema.yaml loaded successfully]
[2025-09-27 18:08:06,583: INFO: common: created directory at: artifacts]
[2025-09-27 18:08:06,599: INFO: common: created directory at: artifacts/data_validation]
[2025-09-27 18:08:06,625: INFO: main: >>>>>> stage Data Validation stage completed <<<<<<

x==============x]
[2025-09-27 18:08:06,625: INFO: main: >>>>>> stage Data Transformation stage started <<<<<<]
[2025-09-27 18:08:06,641: INFO: common: yaml file: config\config.yaml loaded successfully]
[2025-09-27 18:08:06,641: INFO: common: yaml file: params.yaml loaded successfully]
[2025-09-27 18:08:06,641: INFO: common: yaml file: schema.yaml loaded successfully]
[2025-09-27 18:08:06,641: INFO: common: created directory at: artifacts]
[2025-09-27 18:08:06,641: INFO: common: created directory at: artifacts/data_transformation]
[2025-09-27 18:08:06,685: INFO: data_transformation: Splited data into training and test sets]
[2025-09-27 18:08:06,685: INFO: data_transformation: (1199, 12)]
[2025-09-27 18:08:06,685: INFO: data_transformation: (400, 12)]
[2025-09-27 18:08:06,685: INFO: main: >>>>>> stage Data Transformation stage completed <<<<<<

x==============x]
[2025-09-27 18:52:26,544: INFO: common: yaml file: config\config.yaml loaded successfully]
[2025-09-27 18:52:26,544: INFO: common: yaml file: params.yaml loaded successfully]
[2025-09-27 18:52:26,552: INFO: common: yaml file: schema.yaml loaded successfully]
[2025-09-27 18:52:26,560: INFO: common: created directory at: artifacts]
[2025-09-27 18:54:14,865: INFO: common: yaml file: config\config.yaml loaded successfully]
[2025-09-27 18:54:14,865: INFO: common: yaml file: params.yaml loaded successfully]
[2025-09-27 18:54:14,873: INFO: common: yaml file: schema.yaml loaded successfully]
[2025-09-27 18:54:14,881: INFO: common: created directory at: artifacts]
[2025-09-27 18:55:23,508: INFO: common: yaml file: config\config.yaml loaded successfully]
[2025-09-27 18:55:23,516: INFO: common: yaml file: params.yaml loaded successfully]
[2025-09-27 18:55:23,516: INFO: common: yaml file: schema.yaml loaded successfully]
[2025-09-27 18:55:23,516: INFO: common: created directory at: artifacts]
[2025-09-27 18:55:23,524: INFO: common: created directory at: artifacts/model_trainer]
[2025-09-27 19:56:44,797: INFO: main: >>>>>> stage Data Ingestion stage started <<<<<<]
[2025-09-27 19:56:44,797: INFO: common: yaml file: config\config.yaml loaded successfully]
[2025-09-27 19:56:44,805: INFO: common: yaml file: params.yaml loaded successfully]
[2025-09-27 19:56:44,805: INFO: common: yaml file: schema.yaml loaded successfully]
[2025-09-27 19:56:44,805: INFO: common: created directory at: artifacts]
[2025-09-27 19:56:44,813: INFO: common: created directory at: artifacts/data_ingestion]
[2025-09-27 19:56:47,312: INFO: data_ingestion: artifacts/data_ingestion/data.zip download! with following info: 
Connection: close
Content-Length: 23329
Cache-Control: max-age=300
Content-Security-Policy: default-src 'none'; style-src 'unsafe-inline'; sandbox
Content-Type: application/zip
ETag: "c69888a4ae59bc5a893392785a938ccd4937981c06ba8a9d6a21aa52b4ab5b6e"
Strict-Transport-Security: max-age=31536000
X-Content-Type-Options: nosniff
X-Frame-Options: deny
X-XSS-Protection: 1; mode=block
X-GitHub-Request-Id: 95FE:1139F3:B86F34:EF46EB:68D7FB2D
Accept-Ranges: bytes
Date: Sat, 27 Sep 2025 14:56:46 GMT
Via: 1.1 varnish
X-Served-By: cache-fjr990023-FJR
X-Cache: MISS
X-Cache-Hits: 0
X-Timer: S1758985006.192306,VS0,VE325
Vary: Authorization,Accept-Encoding
Access-Control-Allow-Origin: *
Cross-Origin-Resource-Policy: cross-origin
X-Fastly-Request-ID: 586d36c5735d5088b09049181c58ba90e3237771
Expires: Sat, 27 Sep 2025 15:01:46 GMT
Source-Age: 0

]
[2025-09-27 19:56:47,401: INFO: main: >>>>>> stage Data Ingestion stage completed <<<<<<

x==============x]
[2025-09-27 19:56:47,401: INFO: main: >>>>>> stage Data Validation stage started <<<<<<]
[2025-09-27 19:56:47,417: INFO: common: yaml file: config\config.yaml loaded successfully]
[2025-09-27 19:56:47,425: INFO: common: yaml file: params.yaml loaded successfully]
[2025-09-27 19:56:47,433: INFO: common: yaml file: schema.yaml loaded successfully]
[2025-09-27 19:56:47,441: INFO: common: created directory at: artifacts]
[2025-09-27 19:56:47,441: INFO: common: created directory at: artifacts/data_validation]
[2025-09-27 19:56:47,513: INFO: main: >>>>>> stage Data Validation stage completed <<<<<<

x==============x]
[2025-09-27 19:56:47,513: INFO: main: >>>>>> stage Data Transformation stage started <<<<<<]
[2025-09-27 19:56:47,541: INFO: common: yaml file: config\config.yaml loaded successfully]
[2025-09-27 19:56:47,550: INFO: common: yaml file: params.yaml loaded successfully]
[2025-09-27 19:56:47,550: INFO: common: yaml file: schema.yaml loaded successfully]
[2025-09-27 19:56:47,550: INFO: common: created directory at: artifacts]
[2025-09-27 19:56:47,558: INFO: common: created directory at: artifacts/data_transformation]
[2025-09-27 19:56:47,664: INFO: data_transformation: Splited data into training and test sets]
[2025-09-27 19:56:47,664: INFO: data_transformation: (1199, 12)]
[2025-09-27 19:56:47,664: INFO: data_transformation: (400, 12)]
[2025-09-27 19:56:47,664: INFO: main: >>>>>> stage Data Transformation stage completed <<<<<<

x==============x]
[2025-09-27 19:56:47,664: INFO: main: >>>>>> stage Model Trainer stage started <<<<<<]
[2025-09-27 19:56:47,688: INFO: common: yaml file: config\config.yaml loaded successfully]
[2025-09-27 19:56:47,704: INFO: common: yaml file: params.yaml loaded successfully]
[2025-09-27 19:56:47,712: INFO: common: yaml file: schema.yaml loaded successfully]
[2025-09-27 19:56:47,720: INFO: common: created directory at: artifacts]
[2025-09-27 19:56:47,720: INFO: common: created directory at: artifacts/model_trainer]
[2025-09-27 19:56:47,833: INFO: main: >>>>>> stage Model Trainer stage completed <<<<<<

x==============x]
[2025-09-27 22:09:01,480: INFO: common: yaml file: config\config.yaml loaded successfully]
[2025-09-27 22:09:01,498: INFO: common: yaml file: params.yaml loaded successfully]
[2025-09-27 22:09:01,529: INFO: common: yaml file: schema.yaml loaded successfully]
[2025-09-27 22:09:01,529: INFO: common: created directory at: artifacts]
[2025-09-27 22:09:01,529: INFO: common: created directory at: artifacts/data_transformation]
[2025-09-27 22:09:01,613: INFO: 892340296: Splited data into training and test sets]
[2025-09-27 22:09:01,613: INFO: 892340296: (1199, 12)]
[2025-09-27 22:09:01,613: INFO: 892340296: (400, 12)]
[2025-09-27 23:02:51,201: INFO: common: yaml file: config\config.yaml loaded successfully]
[2025-09-27 23:02:51,251: INFO: common: yaml file: params.yaml loaded successfully]
[2025-09-27 23:02:51,268: INFO: common: yaml file: schema.yaml loaded successfully]
[2025-09-27 23:02:51,271: INFO: common: created directory at: artifacts]
[2025-09-28 11:50:45,861: INFO: common: yaml file: config\config.yaml loaded successfully]
[2025-09-28 11:50:45,864: INFO: common: yaml file: params.yaml loaded successfully]
[2025-09-28 11:50:45,868: INFO: common: yaml file: schema.yaml loaded successfully]
[2025-09-28 11:50:45,869: INFO: common: created directory at: artifacts]
[2025-09-28 14:38:48,062: INFO: common: yaml file: config\config.yaml loaded successfully]
[2025-09-28 14:38:48,066: INFO: common: yaml file: params.yaml loaded successfully]
[2025-09-28 14:38:48,073: INFO: common: yaml file: schema.yaml loaded successfully]
[2025-09-28 14:38:48,075: INFO: common: created directory at: artifacts]
[2025-09-28 15:09:14,702: INFO: common: yaml file: config\config.yaml loaded successfully]
[2025-09-28 15:09:14,711: INFO: common: yaml file: params.yaml loaded successfully]
[2025-09-28 15:09:14,716: INFO: common: yaml file: schema.yaml loaded successfully]
[2025-09-28 15:09:14,718: INFO: common: created directory at: artifacts]
[2025-09-28 15:40:04,492: INFO: common: yaml file: config\config.yaml loaded successfully]
[2025-09-28 15:40:04,500: INFO: common: yaml file: params.yaml loaded successfully]
[2025-09-28 15:40:04,508: INFO: common: yaml file: schema.yaml loaded successfully]
[2025-09-28 15:40:04,508: INFO: common: created directory at: artifacts]
[2025-09-28 15:40:04,508: INFO: common: created directory at: artifacts/model_evaluation]
[2025-09-28 15:40:08,496: INFO: common: json file saved at: artifacts\model_evaluation\metrics.json]
[2025-09-28 15:43:13,087: INFO: common: yaml file: config\config.yaml loaded successfully]
[2025-09-28 15:43:13,095: INFO: common: yaml file: params.yaml loaded successfully]
[2025-09-28 15:43:13,095: INFO: common: yaml file: schema.yaml loaded successfully]
[2025-09-28 15:43:13,095: INFO: common: created directory at: artifacts]
[2025-09-28 15:43:13,103: INFO: common: created directory at: artifacts/model_evaluation]
[2025-09-28 15:43:13,919: INFO: common: json file saved at: artifacts\model_evaluation\metrics.json]
[2025-09-28 16:09:08,084: INFO: common: yaml file: config\config.yaml loaded successfully]
[2025-09-28 16:09:08,092: INFO: common: yaml file: params.yaml loaded successfully]
[2025-09-28 16:09:08,092: INFO: common: yaml file: schema.yaml loaded successfully]
[2025-09-28 16:09:08,100: INFO: common: created directory at: artifacts]
[2025-09-28 16:09:08,100: INFO: common: created directory at: artifacts/model_evaluation]
[2025-09-28 16:09:09,011: INFO: common: json file saved at: artifacts\model_evaluation\metrics.json]
[2025-09-28 16:13:02,286: INFO: common: yaml file: config\config.yaml loaded successfully]
[2025-09-28 16:13:02,286: INFO: common: yaml file: params.yaml loaded successfully]
[2025-09-28 16:13:02,294: INFO: common: yaml file: schema.yaml loaded successfully]
[2025-09-28 16:13:02,294: INFO: common: created directory at: artifacts]
[2025-09-28 16:13:02,302: INFO: common: created directory at: artifacts/model_evaluation]
[2025-09-28 16:13:02,698: INFO: common: json file saved at: artifacts\model_evaluation\metrics.json]
[2025-09-28 16:13:56,659: INFO: common: yaml file: config\config.yaml loaded successfully]
[2025-09-28 16:13:56,659: INFO: common: yaml file: params.yaml loaded successfully]
[2025-09-28 16:13:56,659: INFO: common: yaml file: schema.yaml loaded successfully]
[2025-09-28 16:13:56,670: INFO: common: created directory at: artifacts]
[2025-09-28 16:13:56,670: INFO: common: created directory at: artifacts/model_evaluation]
[2025-09-28 16:13:57,105: INFO: common: json file saved at: artifacts\model_evaluation\metrics.json]
[2025-09-28 16:18:31,485: INFO: common: yaml file: config\config.yaml loaded successfully]
[2025-09-28 16:18:31,490: INFO: common: yaml file: params.yaml loaded successfully]
[2025-09-28 16:18:31,500: INFO: common: yaml file: schema.yaml loaded successfully]
[2025-09-28 16:18:31,505: INFO: common: created directory at: artifacts]
[2025-09-28 16:18:31,510: INFO: common: created directory at: artifacts/model_evaluation]
[2025-09-28 16:18:32,053: INFO: common: json file saved at: artifacts\model_evaluation\metrics.json]
[2025-09-28 16:39:08,388: INFO: common: yaml file: config\config.yaml loaded successfully]
[2025-09-28 16:39:08,388: INFO: common: yaml file: params.yaml loaded successfully]
[2025-09-28 16:39:08,392: INFO: common: yaml file: schema.yaml loaded successfully]
[2025-09-28 16:39:08,392: INFO: common: created directory at: artifacts]
[2025-09-28 16:39:08,392: INFO: common: created directory at: artifacts/model_evaluation]
[2025-09-28 16:39:08,938: INFO: common: json file saved at: artifacts\model_evaluation\metrics.json]
[2025-09-28 17:01:22,770: INFO: common: yaml file: config\config.yaml loaded successfully]
[2025-09-28 17:01:22,782: INFO: common: yaml file: params.yaml loaded successfully]
[2025-09-28 17:01:22,797: INFO: common: yaml file: schema.yaml loaded successfully]
[2025-09-28 17:01:22,799: INFO: common: created directory at: artifacts]
[2025-09-28 17:01:22,801: INFO: common: created directory at: artifacts/model_evaluation]
[2025-09-28 17:01:23,308: INFO: common: json file saved at: artifacts\model_evaluation\metrics.json]
[2025-09-28 17:03:32,868: INFO: common: yaml file: config\config.yaml loaded successfully]
[2025-09-28 17:03:32,871: INFO: common: yaml file: params.yaml loaded successfully]
[2025-09-28 17:03:32,877: INFO: common: yaml file: schema.yaml loaded successfully]
[2025-09-28 17:03:32,880: INFO: common: created directory at: artifacts]
[2025-09-28 17:03:32,882: INFO: common: created directory at: artifacts/model_evaluation]
[2025-09-28 17:03:33,247: INFO: common: json file saved at: artifacts\model_evaluation\metrics.json]
[2025-09-28 17:14:55,407: INFO: common: yaml file: config\config.yaml loaded successfully]
[2025-09-28 17:14:55,427: INFO: common: yaml file: params.yaml loaded successfully]
[2025-09-28 17:14:55,432: INFO: common: yaml file: schema.yaml loaded successfully]
[2025-09-28 17:14:55,434: INFO: common: created directory at: artifacts]
[2025-09-28 17:14:55,435: INFO: common: created directory at: artifacts/model_evaluation]
[2025-09-28 17:14:55,973: INFO: common: json file saved at: artifacts\model_evaluation\metrics.json]
[2025-09-28 18:24:23,671: INFO: main: >>>>>> stage Data Ingestion stage started <<<<<<]
[2025-09-28 18:24:23,686: INFO: common: yaml file: config\config.yaml loaded successfully]
[2025-09-28 18:24:23,688: INFO: common: yaml file: params.yaml loaded successfully]
[2025-09-28 18:24:23,692: INFO: common: yaml file: schema.yaml loaded successfully]
[2025-09-28 18:24:23,693: INFO: common: created directory at: artifacts]
[2025-09-28 18:24:23,695: INFO: common: created directory at: artifacts/data_ingestion]
[2025-09-28 18:24:25,883: INFO: data_ingestion: artifacts/data_ingestion/data.zip download! with following info: 
Connection: close
Content-Length: 23329
Cache-Control: max-age=300
Content-Security-Policy: default-src 'none'; style-src 'unsafe-inline'; sandbox
Content-Type: application/zip
ETag: "c69888a4ae59bc5a893392785a938ccd4937981c06ba8a9d6a21aa52b4ab5b6e"
Strict-Transport-Security: max-age=31536000
X-Content-Type-Options: nosniff
X-Frame-Options: deny
X-XSS-Protection: 1; mode=block
X-GitHub-Request-Id: 36FA:2FC68F:36FCD:1E1591:68D93706
Accept-Ranges: bytes
Date: Sun, 28 Sep 2025 13:24:24 GMT
Via: 1.1 varnish
X-Served-By: cache-fjr990031-FJR
X-Cache: MISS
X-Cache-Hits: 0
X-Timer: S1759065865.729115,VS0,VE197
Vary: Authorization,Accept-Encoding
Access-Control-Allow-Origin: *
Cross-Origin-Resource-Policy: cross-origin
X-Fastly-Request-ID: a632ff3025b402c6ef5ee9240008c05cfa047dbf
Expires: Sun, 28 Sep 2025 13:29:24 GMT
Source-Age: 0

]
[2025-09-28 18:24:25,922: INFO: main: >>>>>> stage Data Ingestion stage completed <<<<<<

x==============x]
[2025-09-28 18:24:25,922: INFO: main: >>>>>> stage Data Validation stage started <<<<<<]
[2025-09-28 18:24:25,928: INFO: common: yaml file: config\config.yaml loaded successfully]
[2025-09-28 18:24:25,930: INFO: common: yaml file: params.yaml loaded successfully]
[2025-09-28 18:24:25,932: INFO: common: yaml file: schema.yaml loaded successfully]
[2025-09-28 18:24:25,933: INFO: common: created directory at: artifacts]
[2025-09-28 18:24:25,933: INFO: common: created directory at: artifacts/data_validation]
[2025-09-28 18:24:25,962: INFO: main: >>>>>> stage Data Validation stage completed <<<<<<

x==============x]
[2025-09-28 18:24:25,963: INFO: main: >>>>>> stage Data Transformation stage started <<<<<<]
[2025-09-28 18:24:26,006: INFO: common: yaml file: config\config.yaml loaded successfully]
[2025-09-28 18:24:26,008: INFO: common: yaml file: params.yaml loaded successfully]
[2025-09-28 18:24:26,013: INFO: common: yaml file: schema.yaml loaded successfully]
[2025-09-28 18:24:26,014: INFO: common: created directory at: artifacts]
[2025-09-28 18:24:26,014: INFO: common: created directory at: artifacts/data_transformation]
[2025-09-28 18:24:26,085: INFO: data_transformation: Splited data into training and test sets]
[2025-09-28 18:24:26,085: INFO: data_transformation: (1199, 12)]
[2025-09-28 18:24:26,086: INFO: data_transformation: (400, 12)]
[2025-09-28 18:24:26,086: INFO: main: >>>>>> stage Data Transformation stage completed <<<<<<

x==============x]
[2025-09-28 18:24:26,086: INFO: main: >>>>>> stage Model Trainer stage started <<<<<<]
[2025-09-28 18:24:26,092: INFO: common: yaml file: config\config.yaml loaded successfully]
[2025-09-28 18:24:26,094: INFO: common: yaml file: params.yaml loaded successfully]
[2025-09-28 18:24:26,103: INFO: common: yaml file: schema.yaml loaded successfully]
[2025-09-28 18:24:26,104: INFO: common: created directory at: artifacts]
[2025-09-28 18:24:26,105: INFO: common: created directory at: artifacts/model_trainer]
[2025-09-28 18:24:26,179: INFO: main: >>>>>> stage Model Trainer stage completed <<<<<<

x==============x]
[2025-09-28 18:24:26,179: INFO: main: >>>>>> stage Model evaluation stage started <<<<<<]
[2025-09-28 18:24:26,182: INFO: common: yaml file: config\config.yaml loaded successfully]
[2025-09-28 18:24:26,184: INFO: common: yaml file: params.yaml loaded successfully]
[2025-09-28 18:24:26,187: INFO: common: yaml file: schema.yaml loaded successfully]
[2025-09-28 18:24:26,188: INFO: common: created directory at: artifacts]
[2025-09-28 18:24:26,189: INFO: common: created directory at: artifacts/model_evaluation]
[2025-09-28 18:24:28,011: INFO: common: json file saved at: artifacts\model_evaluation\metrics.json]
[2025-09-28 20:58:52,870: INFO: main: >>>>>> stage Data Ingestion stage started <<<<<<]
[2025-09-28 20:58:52,915: INFO: common: yaml file: config\config.yaml loaded successfully]
[2025-09-28 20:58:52,919: INFO: common: yaml file: params.yaml loaded successfully]
[2025-09-28 20:58:52,930: INFO: common: yaml file: schema.yaml loaded successfully]
[2025-09-28 20:58:52,930: INFO: common: created directory at: artifacts]
[2025-09-28 20:58:52,930: INFO: common: created directory at: artifacts/data_ingestion]
[2025-09-28 20:58:52,930: INFO: data_ingestion: file already exists of size: ~ 23 KB]
[2025-09-28 20:58:53,010: INFO: main: >>>>>> stage Data Ingestion stage completed <<<<<<

x==============x]
[2025-09-28 20:58:53,010: INFO: main: >>>>>> stage Data Validation stage started <<<<<<]
[2025-09-28 20:58:53,015: INFO: common: yaml file: config\config.yaml loaded successfully]
[2025-09-28 20:58:53,020: INFO: common: yaml file: params.yaml loaded successfully]
[2025-09-28 20:58:53,020: INFO: common: yaml file: schema.yaml loaded successfully]
[2025-09-28 20:58:53,020: INFO: common: created directory at: artifacts]
[2025-09-28 20:58:53,020: INFO: common: created directory at: artifacts/data_validation]
[2025-09-28 20:58:53,050: INFO: main: >>>>>> stage Data Validation stage completed <<<<<<

x==============x]
[2025-09-28 20:58:53,050: INFO: main: >>>>>> stage Data Transformation stage started <<<<<<]
[2025-09-28 20:58:53,059: INFO: common: yaml file: config\config.yaml loaded successfully]
[2025-09-28 20:58:53,059: INFO: common: yaml file: params.yaml loaded successfully]
[2025-09-28 20:58:53,059: INFO: common: yaml file: schema.yaml loaded successfully]
[2025-09-28 20:58:53,059: INFO: common: created directory at: artifacts]
[2025-09-28 20:58:53,069: INFO: common: created directory at: artifacts/data_transformation]
[2025-09-28 20:58:53,110: INFO: data_transformation: Splited data into training and test sets]
[2025-09-28 20:58:53,115: INFO: data_transformation: (1199, 12)]
[2025-09-28 20:58:53,115: INFO: data_transformation: (400, 12)]
[2025-09-28 20:58:53,115: INFO: main: >>>>>> stage Data Transformation stage completed <<<<<<

x==============x]
[2025-09-28 20:58:53,115: INFO: main: >>>>>> stage Model Trainer stage started <<<<<<]
[2025-09-28 20:58:53,120: INFO: common: yaml file: config\config.yaml loaded successfully]
[2025-09-28 20:58:53,120: INFO: common: yaml file: params.yaml loaded successfully]
[2025-09-28 20:58:53,120: INFO: common: yaml file: schema.yaml loaded successfully]
[2025-09-28 20:58:53,120: INFO: common: created directory at: artifacts]
[2025-09-28 20:58:53,120: INFO: common: created directory at: artifacts/model_trainer]
[2025-09-28 20:58:53,210: INFO: main: >>>>>> stage Model Trainer stage completed <<<<<<

x==============x]
[2025-09-28 20:58:53,210: INFO: main: >>>>>> stage Model evaluation stage started <<<<<<]
[2025-09-28 20:58:53,215: INFO: common: yaml file: config\config.yaml loaded successfully]
[2025-09-28 20:58:53,215: INFO: common: yaml file: params.yaml loaded successfully]
[2025-09-28 20:58:53,219: INFO: common: yaml file: schema.yaml loaded successfully]
[2025-09-28 20:58:53,219: INFO: common: created directory at: artifacts]
[2025-09-28 20:58:53,219: INFO: common: created directory at: artifacts/model_evaluation]
[2025-09-28 20:58:55,759: INFO: common: json file saved at: artifacts\model_evaluation\metrics.json]
