[2025-09-21 20:34:54,442: INFO: common: yaml file: config\config.yaml loaded successfully]
[2025-09-21 20:34:54,458: INFO: common: yaml file: params.yaml loaded successfully]
[2025-09-21 20:34:54,458: INFO: common: yaml file: schema.yaml loaded successfully]
[2025-09-21 20:34:54,516: INFO: common: created directory at: artifacts]
[2025-09-21 20:34:54,516: INFO: common: created directory at: artifacts/data_ingestion]
[2025-09-21 20:34:57,559: INFO: 2126052238: artifacts/data_ingestion/data.zip download! with following info: 
Connection: close
Content-Length: 23329
Cache-Control: max-age=300
Content-Security-Policy: default-src 'none'; style-src 'unsafe-inline'; sandbox
Content-Type: application/zip
ETag: "c69888a4ae59bc5a893392785a938ccd4937981c06ba8a9d6a21aa52b4ab5b6e"
Strict-Transport-Security: max-age=31536000
X-Content-Type-Options: nosniff
X-Frame-Options: deny
X-XSS-Protection: 1; mode=block
X-GitHub-Request-Id: C486:1DA8FB:72099D:A1E6CC:68D01B21
Accept-Ranges: bytes
Date: Sun, 21 Sep 2025 15:34:58 GMT
Via: 1.1 varnish
X-Served-By: cache-fjr990029-FJR
X-Cache: MISS
X-Cache-Hits: 0
X-Timer: S1758468898.904811,VS0,VE506
Vary: Authorization,Accept-Encoding
Access-Control-Allow-Origin: *
Cross-Origin-Resource-Policy: cross-origin
X-Fastly-Request-ID: 5d1c6888c5e05274ded5931c6fc876e4a5d28f0c
Expires: Sun, 21 Sep 2025 15:39:58 GMT
Source-Age: 0

]
